<?xml version="1.0" encoding="UTF-8"?>
<!-- Generated by org.testng.reporters.JUnitReportReporter -->
<testsuite hostname="DESKTOP-2C9RAEV" failures="0" tests="1" name="sample.Sample2" time="0.023" errors="0" timestamp="2025-03-29T09:19:13 IST" skipped="0">
  <testcase classname="sample.Sample2" name="m2" time="0.023"/>
</testsuite> <!-- sample.Sample2 -->
